2020-06-04 17:04:30,850 ERROR [com.fourfaith.utils.httpUtils] - Read timed out
java.net.SocketTimeoutException: Read timed out
	at java.net.SocketInputStream.socketRead0(Native Method)
	at java.net.SocketInputStream.socketRead(SocketInputStream.java:116)
	at java.net.SocketInputStream.read(SocketInputStream.java:170)
	at java.net.SocketInputStream.read(SocketInputStream.java:141)
	at java.io.BufferedInputStream.fill(BufferedInputStream.java:246)
	at java.io.BufferedInputStream.read(BufferedInputStream.java:265)
	at org.apache.commons.httpclient.HttpParser.readRawLine(HttpParser.java:77)
	at org.apache.commons.httpclient.HttpParser.readLine(HttpParser.java:105)
	at org.apache.commons.httpclient.HttpConnection.readLine(HttpConnection.java:1115)
	at org.apache.commons.httpclient.HttpMethodBase.readStatusLine(HttpMethodBase.java:1832)
	at org.apache.commons.httpclient.HttpMethodBase.readResponse(HttpMethodBase.java:1590)
	at org.apache.commons.httpclient.HttpMethodBase.execute(HttpMethodBase.java:995)
	at org.apache.commons.httpclient.HttpMethodDirector.executeWithRetry(HttpMethodDirector.java:397)
	at org.apache.commons.httpclient.HttpMethodDirector.executeMethod(HttpMethodDirector.java:170)
	at org.apache.commons.httpclient.HttpClient.executeMethod(HttpClient.java:396)
	at org.apache.commons.httpclient.HttpClient.executeMethod(HttpClient.java:324)
	at com.fourfaith.utils.httpUtils.get(httpUtils.java:168)
	at com.fourfaith.baseManager.controller.RemoteController.getToken(RemoteController.java:257)
	at com.fourfaith.baseManager.controller.RemoteController.main(RemoteController.java:584)
2020-06-04 17:10:44,799 ERROR [com.fourfaith.utils.httpUtils] - Connection reset
java.net.SocketException: Connection reset
	at java.net.SocketInputStream.read(SocketInputStream.java:209)
	at java.net.SocketInputStream.read(SocketInputStream.java:141)
	at java.io.BufferedInputStream.fill(BufferedInputStream.java:246)
	at java.io.BufferedInputStream.read(BufferedInputStream.java:265)
	at org.apache.commons.httpclient.HttpParser.readRawLine(HttpParser.java:77)
	at org.apache.commons.httpclient.HttpParser.readLine(HttpParser.java:105)
	at org.apache.commons.httpclient.HttpConnection.readLine(HttpConnection.java:1115)
	at org.apache.commons.httpclient.HttpMethodBase.readStatusLine(HttpMethodBase.java:1832)
	at org.apache.commons.httpclient.HttpMethodBase.readResponse(HttpMethodBase.java:1590)
	at org.apache.commons.httpclient.HttpMethodBase.execute(HttpMethodBase.java:995)
	at org.apache.commons.httpclient.HttpMethodDirector.executeWithRetry(HttpMethodDirector.java:397)
	at org.apache.commons.httpclient.HttpMethodDirector.executeMethod(HttpMethodDirector.java:170)
	at org.apache.commons.httpclient.HttpClient.executeMethod(HttpClient.java:396)
	at org.apache.commons.httpclient.HttpClient.executeMethod(HttpClient.java:324)
	at com.fourfaith.utils.httpUtils.get(httpUtils.java:168)
	at com.fourfaith.baseManager.controller.RemoteController.getToken(RemoteController.java:257)
	at com.fourfaith.baseManager.controller.RemoteController.main(RemoteController.java:584)
2020-06-04 17:13:49,266 ERROR [com.fourfaith.utils.httpUtils] - Read timed out
java.net.SocketTimeoutException: Read timed out
	at java.net.SocketInputStream.socketRead0(Native Method)
	at java.net.SocketInputStream.socketRead(SocketInputStream.java:116)
	at java.net.SocketInputStream.read(SocketInputStream.java:170)
	at java.net.SocketInputStream.read(SocketInputStream.java:141)
	at java.io.BufferedInputStream.fill(BufferedInputStream.java:246)
	at java.io.BufferedInputStream.read(BufferedInputStream.java:265)
	at org.apache.commons.httpclient.HttpParser.readRawLine(HttpParser.java:77)
	at org.apache.commons.httpclient.HttpParser.readLine(HttpParser.java:105)
	at org.apache.commons.httpclient.HttpConnection.readLine(HttpConnection.java:1115)
	at org.apache.commons.httpclient.HttpMethodBase.readStatusLine(HttpMethodBase.java:1832)
	at org.apache.commons.httpclient.HttpMethodBase.readResponse(HttpMethodBase.java:1590)
	at org.apache.commons.httpclient.HttpMethodBase.execute(HttpMethodBase.java:995)
	at org.apache.commons.httpclient.HttpMethodDirector.executeWithRetry(HttpMethodDirector.java:397)
	at org.apache.commons.httpclient.HttpMethodDirector.executeMethod(HttpMethodDirector.java:170)
	at org.apache.commons.httpclient.HttpClient.executeMethod(HttpClient.java:396)
	at org.apache.commons.httpclient.HttpClient.executeMethod(HttpClient.java:324)
	at com.fourfaith.utils.httpUtils.get(httpUtils.java:168)
	at com.fourfaith.baseManager.controller.RemoteController.getToken(RemoteController.java:257)
	at com.fourfaith.baseManager.controller.RemoteController.main(RemoteController.java:584)
2020-06-04 17:15:12,311 ERROR [com.fourfaith.utils.httpUtils] - Read timed out
java.net.SocketTimeoutException: Read timed out
	at java.net.SocketInputStream.socketRead0(Native Method)
	at java.net.SocketInputStream.socketRead(SocketInputStream.java:116)
	at java.net.SocketInputStream.read(SocketInputStream.java:170)
	at java.net.SocketInputStream.read(SocketInputStream.java:141)
	at java.io.BufferedInputStream.fill(BufferedInputStream.java:246)
	at java.io.BufferedInputStream.read(BufferedInputStream.java:265)
	at org.apache.commons.httpclient.HttpParser.readRawLine(HttpParser.java:77)
	at org.apache.commons.httpclient.HttpParser.readLine(HttpParser.java:105)
	at org.apache.commons.httpclient.HttpConnection.readLine(HttpConnection.java:1115)
	at org.apache.commons.httpclient.HttpMethodBase.readStatusLine(HttpMethodBase.java:1832)
	at org.apache.commons.httpclient.HttpMethodBase.readResponse(HttpMethodBase.java:1590)
	at org.apache.commons.httpclient.HttpMethodBase.execute(HttpMethodBase.java:995)
	at org.apache.commons.httpclient.HttpMethodDirector.executeWithRetry(HttpMethodDirector.java:397)
	at org.apache.commons.httpclient.HttpMethodDirector.executeMethod(HttpMethodDirector.java:170)
	at org.apache.commons.httpclient.HttpClient.executeMethod(HttpClient.java:396)
	at org.apache.commons.httpclient.HttpClient.executeMethod(HttpClient.java:324)
	at com.fourfaith.utils.httpUtils.get(httpUtils.java:168)
	at com.fourfaith.baseManager.controller.RemoteController.getToken(RemoteController.java:257)
	at com.fourfaith.baseManager.controller.RemoteController.main(RemoteController.java:584)
2020-06-04 17:18:54,959 ERROR [com.fourfaith.utils.httpUtils] - Read timed out
java.net.SocketTimeoutException: Read timed out
	at java.net.SocketInputStream.socketRead0(Native Method)
	at java.net.SocketInputStream.socketRead(SocketInputStream.java:116)
	at java.net.SocketInputStream.read(SocketInputStream.java:170)
	at java.net.SocketInputStream.read(SocketInputStream.java:141)
	at java.io.BufferedInputStream.fill(BufferedInputStream.java:246)
	at java.io.BufferedInputStream.read(BufferedInputStream.java:265)
	at org.apache.commons.httpclient.HttpParser.readRawLine(HttpParser.java:77)
	at org.apache.commons.httpclient.HttpParser.readLine(HttpParser.java:105)
	at org.apache.commons.httpclient.HttpConnection.readLine(HttpConnection.java:1115)
	at org.apache.commons.httpclient.HttpMethodBase.readStatusLine(HttpMethodBase.java:1832)
	at org.apache.commons.httpclient.HttpMethodBase.readResponse(HttpMethodBase.java:1590)
	at org.apache.commons.httpclient.HttpMethodBase.execute(HttpMethodBase.java:995)
	at org.apache.commons.httpclient.HttpMethodDirector.executeWithRetry(HttpMethodDirector.java:397)
	at org.apache.commons.httpclient.HttpMethodDirector.executeMethod(HttpMethodDirector.java:170)
	at org.apache.commons.httpclient.HttpClient.executeMethod(HttpClient.java:396)
	at org.apache.commons.httpclient.HttpClient.executeMethod(HttpClient.java:324)
	at com.fourfaith.utils.httpUtils.get(httpUtils.java:168)
	at com.fourfaith.baseManager.controller.RemoteController.getToken(RemoteController.java:257)
	at com.fourfaith.baseManager.controller.RemoteController.main(RemoteController.java:584)
